<?xml version="1.0" encoding="UTF-8"?>
<!-- Generated by org.testng.reporters.JUnitReportReporter -->
<testsuite skipped="0" hostname="JOSYJOHNSON" name="QuestionBankofIndividualTeacherTest.ImportQuestionTest" tests="35" failures="0" timestamp="30 Aug 2023 04:16:06 GMT" time="399.345" errors="0">
  <testcase name="TCSPR1600219" time="9.780" classname="QuestionBankofIndividualTeacherTest.ImportQuestionTest"/>
  <testcase name="TCSPR1600203" time="2.301" classname="QuestionBankofIndividualTeacherTest.ImportQuestionTest"/>
  <testcase name="TCSPR1600228" time="42.616" classname="QuestionBankofIndividualTeacherTest.ImportQuestionTest"/>
  <testcase name="TCSPR1600225" time="0.611" classname="QuestionBankofIndividualTeacherTest.ImportQuestionTest"/>
  <testcase name="TCSPR1600226" time="3.433" classname="QuestionBankofIndividualTeacherTest.ImportQuestionTest"/>
  <testcase name="TCSPR1600210" time="3.559" classname="QuestionBankofIndividualTeacherTest.ImportQuestionTest"/>
  <testcase name="TCSPR1600231" time="12.691" classname="QuestionBankofIndividualTeacherTest.ImportQuestionTest"/>
  <testcase name="TCSPR1600217" time="18.502" classname="QuestionBankofIndividualTeacherTest.ImportQuestionTest"/>
  <testcase name="TCSPR1600215" time="2.578" classname="QuestionBankofIndividualTeacherTest.ImportQuestionTest"/>
  <testcase name="TCSPR1600201" time="30.936" classname="QuestionBankofIndividualTeacherTest.ImportQuestionTest"/>
  <testcase name="TCSPR1600214" time="0.117" classname="QuestionBankofIndividualTeacherTest.ImportQuestionTest"/>
  <testcase name="TCSPR1600223" time="5.373" classname="QuestionBankofIndividualTeacherTest.ImportQuestionTest"/>
  <testcase name="TCSPR1600213" time="2.553" classname="QuestionBankofIndividualTeacherTest.ImportQuestionTest"/>
  <testcase name="TCSPR1600220" time="4.106" classname="QuestionBankofIndividualTeacherTest.ImportQuestionTest"/>
  <testcase name="TCSPR1600235" time="22.919" classname="QuestionBankofIndividualTeacherTest.ImportQuestionTest"/>
  <testcase name="TCSPR1600216" time="7.643" classname="QuestionBankofIndividualTeacherTest.ImportQuestionTest"/>
  <testcase name="TCSPR1600230" time="4.758" classname="QuestionBankofIndividualTeacherTest.ImportQuestionTest"/>
  <testcase name="TCSPR1600236" time="1.244" classname="QuestionBankofIndividualTeacherTest.ImportQuestionTest"/>
  <testcase name="TCSPR1600205" time="6.394" classname="QuestionBankofIndividualTeacherTest.ImportQuestionTest"/>
  <testcase name="TCSPR1600208" time="10.612" classname="QuestionBankofIndividualTeacherTest.ImportQuestionTest"/>
  <testcase name="TCSPR1600221" time="18.727" classname="QuestionBankofIndividualTeacherTest.ImportQuestionTest"/>
  <testcase name="TCSPR1600204" time="16.309" classname="QuestionBankofIndividualTeacherTest.ImportQuestionTest"/>
  <testcase name="TCSPR1600227" time="22.373" classname="QuestionBankofIndividualTeacherTest.ImportQuestionTest"/>
  <testcase name="TCSPR1600224" time="9.513" classname="QuestionBankofIndividualTeacherTest.ImportQuestionTest"/>
  <testcase name="TCSPR1600234" time="10.439" classname="QuestionBankofIndividualTeacherTest.ImportQuestionTest"/>
  <testcase name="TCSPR1600202" time="17.077" classname="QuestionBankofIndividualTeacherTest.ImportQuestionTest"/>
  <testcase name="TCSPR1600232" time="18.369" classname="QuestionBankofIndividualTeacherTest.ImportQuestionTest"/>
  <testcase name="TCSPR1600233" time="18.969" classname="QuestionBankofIndividualTeacherTest.ImportQuestionTest"/>
  <testcase name="TCSPR1600206" time="16.467" classname="QuestionBankofIndividualTeacherTest.ImportQuestionTest"/>
  <testcase name="TCSPR1600209" time="13.637" classname="QuestionBankofIndividualTeacherTest.ImportQuestionTest"/>
  <testcase name="TCSPR1600222" time="18.661" classname="QuestionBankofIndividualTeacherTest.ImportQuestionTest"/>
  <testcase name="TCSPR1600212" time="1.605" classname="QuestionBankofIndividualTeacherTest.ImportQuestionTest"/>
  <testcase name="TCSPR1600207" time="6.797" classname="QuestionBankofIndividualTeacherTest.ImportQuestionTest"/>
  <testcase name="TCSPR1600229" time="6.976" classname="QuestionBankofIndividualTeacherTest.ImportQuestionTest"/>
  <testcase name="TCSPR1600218" time="10.700" classname="QuestionBankofIndividualTeacherTest.ImportQuestionTest"/>
</testsuite> <!-- QuestionBankofIndividualTeacherTest.ImportQuestionTest -->
